# JRE version: Java(TM) SE Runtime Environment (8.0_20-b26) (build 1.8.0_20-b26)
# Java VM: Java HotSpot(TM) 64-Bit Server VM (25.20-b23 mixed mode windows-amd64 compressed oops)
Heap:
 PSYoungGen      total 286720K, used 111011K [0x00000000d5d00000, 0x00000000eab80000, 0x0000000100000000)
  eden space 278528K, 36% used [0x00000000d5d00000,0x00000000dc1a12d0,0x00000000e6d00000)
  from space 8192K, 97% used [0x00000000ea380000,0x00000000eab47cd0,0x00000000eab80000)
  to   space 15360K, 0% used [0x00000000e8d80000,0x00000000e8d80000,0x00000000e9c80000)
 ParOldGen       total 125952K, used 79184K [0x0000000081600000, 0x0000000089100000, 0x00000000d5d00000)
  object space 125952K, 62% used [0x0000000081600000,0x00000000863540e8,0x0000000089100000)
 Metaspace       used 97156K, capacity 101832K, committed 102036K, reserved 1136640K
  class space    used 13241K, capacity 13985K, committed 14012K, reserved 1048576K
GC Heap History (10 events):
Event: 804.716 GC heap before
{Heap before GC invocations=29 (full 5):
 PSYoungGen      total 272896K, used 271360K [0x00000000d5d00000, 0x00000000ecf80000, 0x0000000100000000)
  eden space 271360K, 100% used [0x00000000d5d00000,0x00000000e6600000,0x00000000e6600000)
  from space 1536K, 0% used [0x00000000eb380000,0x00000000eb380000,0x00000000eb500000)
  to   space 16896K, 0% used [0x00000000ebf00000,0x00000000ebf00000,0x00000000ecf80000)
 ParOldGen       total 125952K, used 57927K [0x0000000081600000, 0x0000000089100000, 0x00000000d5d00000)
  object space 125952K, 45% used [0x0000000081600000,0x0000000084e91db8,0x0000000089100000)
 Metaspace       used 95693K, capacity 100204K, committed 100372K, reserved 1136640K
  class space    used 13164K, capacity 13884K, committed 13884K, reserved 1048576K
Event: 804.749 GC heap after
Heap after GC invocations=29 (full 5):
 PSYoungGen      total 273920K, used 13447K [0x00000000d5d00000, 0x00000000ecc80000, 0x0000000100000000)
  eden space 260096K, 0% used [0x00000000d5d00000,0x00000000d5d00000,0x00000000e5b00000)
  from space 13824K, 97% used [0x00000000ebf00000,0x00000000ecc21c98,0x00000000ecc80000)
  to   space 17920K, 0% used [0x00000000ea980000,0x00000000ea980000,0x00000000ebb00000)
 ParOldGen       total 125952K, used 57935K [0x0000000081600000, 0x0000000089100000, 0x00000000d5d00000)
  object space 125952K, 45% used [0x0000000081600000,0x0000000084e93db8,0x0000000089100000)
 Metaspace       used 95693K, capacity 100204K, committed 100372K, reserved 1136640K
  class space    used 13164K, capacity 13884K, committed 13884K, reserved 1048576K
}
Event: 806.738 GC heap before
{Heap before GC invocations=30 (full 5):
 PSYoungGen      total 273920K, used 273543K [0x00000000d5d00000, 0x00000000ecc80000, 0x0000000100000000)
  eden space 260096K, 100% used [0x00000000d5d00000,0x00000000e5b00000,0x00000000e5b00000)
  from space 13824K, 97% used [0x00000000ebf00000,0x00000000ecc21c98,0x00000000ecc80000)
  to   space 17920K, 0% used [0x00000000ea980000,0x00000000ea980000,0x00000000ebb00000)
 ParOldGen       total 125952K, used 57935K [0x0000000081600000, 0x0000000089100000, 0x00000000d5d00000)
  object space 125952K, 45% used [0x0000000081600000,0x0000000084e93db8,0x0000000089100000)
 Metaspace       used 95857K, capacity 100342K, committed 100500K, reserved 1136640K
  class space    used 13177K, capacity 13897K, committed 14012K, reserved 1048576K
Event: 806.755 GC heap after
Heap after GC invocations=30 (full 5):
 PSYoungGen      total 258048K, used 8570K [0x00000000d5d00000, 0x00000000ebf80000, 0x0000000100000000)
  eden space 249344K, 0% used [0x00000000d5d00000,0x00000000d5d00000,0x00000000e5080000)
  from space 8704K, 98% used [0x00000000ea980000,0x00000000eb1de8b8,0x00000000eb200000)
  to   space 13824K, 0% used [0x00000000eb200000,0x00000000eb200000,0x00000000ebf80000)
 ParOldGen       total 125952K, used 66183K [0x0000000081600000, 0x0000000089100000, 0x00000000d5d00000)
  object space 125952K, 52% used [0x0000000081600000,0x00000000856a1d38,0x0000000089100000)
 Metaspace       used 95857K, capacity 100342K, committed 100500K, reserved 1136640K
  class space    used 13177K, capacity 13897K, committed 14012K, reserved 1048576K
}
Event: 812.111 GC heap before
{Heap before GC invocations=31 (full 5):
 PSYoungGen      total 258048K, used 257914K [0x00000000d5d00000, 0x00000000ebf80000, 0x0000000100000000)
  eden space 249344K, 100% used [0x00000000d5d00000,0x00000000e5080000,0x00000000e5080000)
  from space 8704K, 98% used [0x00000000ea980000,0x00000000eb1de8b8,0x00000000eb200000)
  to   space 13824K, 0% used [0x00000000eb200000,0x00000000eb200000,0x00000000ebf80000)
 ParOldGen       total 125952K, used 66183K [0x0000000081600000, 0x0000000089100000, 0x00000000d5d00000)
  object space 125952K, 52% used [0x0000000081600000,0x00000000856a1d38,0x0000000089100000)
 Metaspace       used 96455K, capacity 100998K, committed 101268K, reserved 1136640K
  class space    used 13198K, capacity 13910K, committed 14012K, reserved 1048576K
Event: 812.126 GC heap after
Heap after GC invocations=31 (full 5):
 PSYoungGen      total 247296K, used 7636K [0x00000000d5d00000, 0x00000000eb980000, 0x0000000100000000)
  eden space 239616K, 0% used [0x00000000d5d00000,0x00000000d5d00000,0x00000000e4700000)
  from space 7680K, 99% used [0x00000000eb200000,0x00000000eb9752b0,0x00000000eb980000)
  to   space 16384K, 0% used [0x00000000e9980000,0x00000000e9980000,0x00000000ea980000)
 ParOldGen       total 125952K, used 70807K [0x0000000081600000, 0x0000000089100000, 0x00000000d5d00000)
  object space 125952K, 56% used [0x0000000081600000,0x0000000085b25d98,0x0000000089100000)
 Metaspace       used 96455K, capacity 100998K, committed 101268K, reserved 1136640K
  class space    used 13198K, capacity 13910K, committed 14012K, reserved 1048576K
}
Event: 813.647 GC heap before
{Heap before GC invocations=32 (full 5):
 PSYoungGen      total 247296K, used 247252K [0x00000000d5d00000, 0x00000000eb980000, 0x0000000100000000)
  eden space 239616K, 100% used [0x00000000d5d00000,0x00000000e4700000,0x00000000e4700000)
  from space 7680K, 99% used [0x00000000eb200000,0x00000000eb9752b0,0x00000000eb980000)
  to   space 16384K, 0% used [0x00000000e9980000,0x00000000e9980000,0x00000000ea980000)
 ParOldGen       total 125952K, used 70807K [0x0000000081600000, 0x0000000089100000, 0x00000000d5d00000)
  object space 125952K, 56% used [0x0000000081600000,0x0000000085b25d98,0x0000000089100000)
 Metaspace       used 96727K, capacity 101320K, committed 101524K, reserved 1136640K
  class space    used 13221K, capacity 13933K, committed 14012K, reserved 1048576K
Event: 813.660 GC heap after
Heap after GC invocations=32 (full 5):
 PSYoungGen      total 240128K, used 9997K [0x00000000d5d00000, 0x00000000eb280000, 0x0000000100000000)
  eden space 229888K, 0% used [0x00000000d5d00000,0x00000000d5d00000,0x00000000e3d80000)
  from space 10240K, 97% used [0x00000000e9980000,0x00000000ea3437f0,0x00000000ea380000)
  to   space 15360K, 0% used [0x00000000ea380000,0x00000000ea380000,0x00000000eb280000)
 ParOldGen       total 125952K, used 74572K [0x0000000081600000, 0x0000000089100000, 0x00000000d5d00000)
  object space 125952K, 59% used [0x0000000081600000,0x0000000085ed3068,0x0000000089100000)
 Metaspace       used 96727K, capacity 101320K, committed 101524K, reserved 1136640K
  class space    used 13221K, capacity 13933K, committed 14012K, reserved 1048576K
}
Event: 815.037 GC heap before
{Heap before GC invocations=33 (full 5):
 PSYoungGen      total 240128K, used 239885K [0x00000000d5d00000, 0x00000000eb280000, 0x0000000100000000)
  eden space 229888K, 100% used [0x00000000d5d00000,0x00000000e3d80000,0x00000000e3d80000)
  from space 10240K, 97% used [0x00000000e9980000,0x00000000ea3437f0,0x00000000ea380000)
  to   space 15360K, 0% used [0x00000000ea380000,0x00000000ea380000,0x00000000eb280000)
 ParOldGen       total 125952K, used 74572K [0x0000000081600000, 0x0000000089100000, 0x00000000d5d00000)
  object space 125952K, 59% used [0x0000000081600000,0x0000000085ed3068,0x0000000089100000)
 Metaspace       used 96899K, capacity 101564K, committed 101780K, reserved 1136640K
  class space    used 13233K, capacity 13947K, committed 14012K, reserved 1048576K
Event: 815.071 GC heap after
Heap after GC invocations=33 (full 5):
 PSYoungGen      total 286720K, used 7967K [0x00000000d5d00000, 0x00000000eab80000, 0x0000000100000000)
  eden space 278528K, 0% used [0x00000000d5d00000,0x00000000d5d00000,0x00000000e6d00000)
  from space 8192K, 97% used [0x00000000ea380000,0x00000000eab47cd0,0x00000000eab80000)
  to   space 15360K, 0% used [0x00000000e8d80000,0x00000000e8d80000,0x00000000e9c80000)
 ParOldGen       total 125952K, used 79184K [0x0000000081600000, 0x0000000089100000, 0x00000000d5d00000)
  object space 125952K, 62% used [0x0000000081600000,0x00000000863540e8,0x0000000089100000)
 Metaspace       used 96899K, capacity 101564K, committed 101780K, reserved 1136640K
  class space    used 13233K, capacity 13947K, committed 14012K, reserved 1048576K
}

