# JRE version: Java(TM) SE Runtime Environment (8.0_20-b26) (build 1.8.0_20-b26)
# Java VM: Java HotSpot(TM) 64-Bit Server VM (25.20-b23 mixed mode windows-amd64 compressed oops)
Heap:
 PSYoungGen      total 647680K, used 166234K [0x00000000d5d00000, 0x0000000100000000, 0x0000000100000000)
  eden space 610304K, 22% used [0x00000000d5d00000,0x00000000de126a18,0x00000000fb100000)
  from space 37376K, 82% used [0x00000000fdb80000,0x00000000ff9affa0,0x0000000100000000)
  to   space 40448K, 0% used [0x00000000fb100000,0x00000000fb100000,0x00000000fd880000)
 ParOldGen       total 182272K, used 76827K [0x0000000081600000, 0x000000008c800000, 0x00000000d5d00000)
  object space 182272K, 42% used [0x0000000081600000,0x0000000086106ca8,0x000000008c800000)
 Metaspace       used 100134K, capacity 105418K, committed 105492K, reserved 1140736K
  class space    used 13496K, capacity 14346K, committed 14396K, reserved 1048576K
GC Heap History (10 events):
Event: 1382.279 GC heap before
{Heap before GC invocations=24 (full 5):
 PSYoungGen      total 655872K, used 647949K [0x00000000d5d00000, 0x0000000100000000, 0x0000000100000000)
  eden space 624640K, 100% used [0x00000000d5d00000,0x00000000fbf00000,0x00000000fbf00000)
  from space 31232K, 74% used [0x00000000fe180000,0x00000000ff8436d8,0x0000000100000000)
  to   space 33280K, 0% used [0x00000000fbf00000,0x00000000fbf00000,0x00000000fdf80000)
 ParOldGen       total 182272K, used 60536K [0x0000000081600000, 0x000000008c800000, 0x00000000d5d00000)
  object space 182272K, 33% used [0x0000000081600000,0x000000008511e140,0x000000008c800000)
 Metaspace       used 98134K, capacity 103114K, committed 103316K, reserved 1138688K
  class space    used 13401K, capacity 14168K, committed 14268K, reserved 1048576K
Event: 1382.480 GC heap after
Heap after GC invocations=24 (full 5):
 PSYoungGen      total 655872K, used 31014K [0x00000000d5d00000, 0x0000000100000000, 0x0000000100000000)
  eden space 624640K, 0% used [0x00000000d5d00000,0x00000000d5d00000,0x00000000fbf00000)
  from space 31232K, 99% used [0x00000000fbf00000,0x00000000fdd49ab8,0x00000000fdd80000)
  to   space 35328K, 0% used [0x00000000fdd80000,0x00000000fdd80000,0x0000000100000000)
 ParOldGen       total 182272K, used 60544K [0x0000000081600000, 0x000000008c800000, 0x00000000d5d00000)
  object space 182272K, 33% used [0x0000000081600000,0x0000000085120140,0x000000008c800000)
 Metaspace       used 98134K, capacity 103114K, committed 103316K, reserved 1138688K
  class space    used 13401K, capacity 14168K, committed 14268K, reserved 1048576K
}
Event: 1521.084 GC heap before
{Heap before GC invocations=25 (full 5):
 PSYoungGen      total 655872K, used 220576K [0x00000000d5d00000, 0x0000000100000000, 0x0000000100000000)
  eden space 624640K, 30% used [0x00000000d5d00000,0x00000000e161e5f0,0x00000000fbf00000)
  from space 31232K, 99% used [0x00000000fbf00000,0x00000000fdd49ab8,0x00000000fdd80000)
  to   space 35328K, 0% used [0x00000000fdd80000,0x00000000fdd80000,0x0000000100000000)
 ParOldGen       total 182272K, used 60544K [0x0000000081600000, 0x000000008c800000, 0x00000000d5d00000)
  object space 182272K, 33% used [0x0000000081600000,0x0000000085120140,0x000000008c800000)
 Metaspace       used 98532K, capacity 103588K, committed 103828K, reserved 1138688K
  class space    used 13413K, capacity 14210K, committed 14268K, reserved 1048576K
Event: 1521.182 GC heap after
Heap after GC invocations=25 (full 5):
 PSYoungGen      total 652800K, used 19287K [0x00000000d5d00000, 0x0000000100000000, 0x0000000100000000)
  eden space 617472K, 0% used [0x00000000d5d00000,0x00000000d5d00000,0x00000000fb800000)
  from space 35328K, 54% used [0x00000000fdd80000,0x00000000ff055e18,0x0000000100000000)
  to   space 36864K, 0% used [0x00000000fb800000,0x00000000fb800000,0x00000000fdc00000)
 ParOldGen       total 182272K, used 60552K [0x0000000081600000, 0x000000008c800000, 0x00000000d5d00000)
  object space 182272K, 33% used [0x0000000081600000,0x0000000085122140,0x000000008c800000)
 Metaspace       used 98532K, capacity 103588K, committed 103828K, reserved 1138688K
  class space    used 13413K, capacity 14210K, committed 14268K, reserved 1048576K
}
Event: 1521.182 GC heap before
{Heap before GC invocations=26 (full 6):
 PSYoungGen      total 652800K, used 19287K [0x00000000d5d00000, 0x0000000100000000, 0x0000000100000000)
  eden space 617472K, 0% used [0x00000000d5d00000,0x00000000d5d00000,0x00000000fb800000)
  from space 35328K, 54% used [0x00000000fdd80000,0x00000000ff055e18,0x0000000100000000)
  to   space 36864K, 0% used [0x00000000fb800000,0x00000000fb800000,0x00000000fdc00000)
 ParOldGen       total 182272K, used 60552K [0x0000000081600000, 0x000000008c800000, 0x00000000d5d00000)
  object space 182272K, 33% used [0x0000000081600000,0x0000000085122140,0x000000008c800000)
 Metaspace       used 98532K, capacity 103588K, committed 103828K, reserved 1138688K
  class space    used 13413K, capacity 14210K, committed 14268K, reserved 1048576K
Event: 1521.571 GC heap after
Heap after GC invocations=26 (full 6):
 PSYoungGen      total 652800K, used 0K [0x00000000d5d00000, 0x0000000100000000, 0x0000000100000000)
  eden space 617472K, 0% used [0x00000000d5d00000,0x00000000d5d00000,0x00000000fb800000)
  from space 35328K, 0% used [0x00000000fdd80000,0x00000000fdd80000,0x0000000100000000)
  to   space 36864K, 0% used [0x00000000fb800000,0x00000000fb800000,0x00000000fdc00000)
 ParOldGen       total 182272K, used 76819K [0x0000000081600000, 0x000000008c800000, 0x00000000d5d00000)
  object space 182272K, 42% used [0x0000000081600000,0x0000000086104ca8,0x000000008c800000)
 Metaspace       used 98528K, capacity 103582K, committed 103828K, reserved 1138688K
  class space    used 13412K, capacity 14209K, committed 14268K, reserved 1048576K
}
Event: 1527.731 GC heap before
{Heap before GC invocations=27 (full 6):
 PSYoungGen      total 652800K, used 617472K [0x00000000d5d00000, 0x0000000100000000, 0x0000000100000000)
  eden space 617472K, 100% used [0x00000000d5d00000,0x00000000fb800000,0x00000000fb800000)
  from space 35328K, 0% used [0x00000000fdd80000,0x00000000fdd80000,0x0000000100000000)
  to   space 36864K, 0% used [0x00000000fb800000,0x00000000fb800000,0x00000000fdc00000)
 ParOldGen       total 182272K, used 76819K [0x0000000081600000, 0x000000008c800000, 0x00000000d5d00000)
  object space 182272K, 42% used [0x0000000081600000,0x0000000086104ca8,0x000000008c800000)
 Metaspace       used 99016K, capacity 104200K, committed 104340K, reserved 1138688K
  class space    used 13439K, capacity 14266K, committed 14268K, reserved 1048576K
Event: 1527.749 GC heap after
Heap after GC invocations=27 (full 6):
 PSYoungGen      total 641536K, used 23990K [0x00000000d5d00000, 0x0000000100000000, 0x0000000100000000)
  eden space 617472K, 0% used [0x00000000d5d00000,0x00000000d5d00000,0x00000000fb800000)
  from space 24064K, 99% used [0x00000000fb800000,0x00000000fcf6d838,0x00000000fcf80000)
  to   space 37376K, 0% used [0x00000000fdb80000,0x00000000fdb80000,0x0000000100000000)
 ParOldGen       total 182272K, used 76827K [0x0000000081600000, 0x000000008c800000, 0x00000000d5d00000)
  object space 182272K, 42% used [0x0000000081600000,0x0000000086106ca8,0x000000008c800000)
 Metaspace       used 99016K, capacity 104200K, committed 104340K, reserved 1138688K
  class space    used 13439K, capacity 14266K, committed 14268K, reserved 1048576K
}
Event: 1533.003 GC heap before
{Heap before GC invocations=28 (full 6):
 PSYoungGen      total 641536K, used 641462K [0x00000000d5d00000, 0x0000000100000000, 0x0000000100000000)
  eden space 617472K, 100% used [0x00000000d5d00000,0x00000000fb800000,0x00000000fb800000)
  from space 24064K, 99% used [0x00000000fb800000,0x00000000fcf6d838,0x00000000fcf80000)
  to   space 37376K, 0% used [0x00000000fdb80000,0x00000000fdb80000,0x0000000100000000)
 ParOldGen       total 182272K, used 76827K [0x0000000081600000, 0x000000008c800000, 0x00000000d5d00000)
  object space 182272K, 42% used [0x0000000081600000,0x0000000086106ca8,0x000000008c800000)
 Metaspace       used 99782K, capacity 104998K, committed 105236K, reserved 1140736K
  class space    used 13485K, capacity 14304K, committed 14396K, reserved 1048576K
Event: 1533.039 GC heap after
Heap after GC invocations=28 (full 6):
 PSYoungGen      total 647680K, used 30911K [0x00000000d5d00000, 0x0000000100000000, 0x0000000100000000)
  eden space 610304K, 0% used [0x00000000d5d00000,0x00000000d5d00000,0x00000000fb100000)
  from space 37376K, 82% used [0x00000000fdb80000,0x00000000ff9affa0,0x0000000100000000)
  to   space 40448K, 0% used [0x00000000fb100000,0x00000000fb100000,0x00000000fd880000)
 ParOldGen       total 182272K, used 76827K [0x0000000081600000, 0x000000008c800000, 0x00000000d5d00000)
  object space 182272K, 42% used [0x0000000081600000,0x0000000086106ca8,0x000000008c800000)
 Metaspace       used 99782K, capacity 104998K, committed 105236K, reserved 1140736K
  class space    used 13485K, capacity 14304K, committed 14396K, reserved 1048576K
}

